<?xml version="1.0" encoding="UTF-8"?>
<testsuite name="examen1.examen1TestSuite.Examen1TestSuite" tests="0" skipped="0" failures="0" errors="0" timestamp="1970-01-01T00:00:00" hostname="IGNACIOASUS" time="0.0">
  <properties/>
  <system-out><![CDATA[Iniciando las pruebas
Todos los test finalizados
]]></system-out>
  <system-err><![CDATA[]]></system-err>
</testsuite>
